<?xml version="1.0" encoding="UTF-8"?>
<testng-results ignored="0" total="1" passed="1" failed="0" skipped="0">
  <reporter-output>
  </reporter-output>
  <suite started-at="2022-03-25T13:59:06 IST" name="Default suite" finished-at="2022-03-25T13:59:06 IST" duration-ms="57">
    <groups>
    </groups>
    <test started-at="2022-03-25T13:59:06 IST" name="Default test" finished-at="2022-03-25T13:59:06 IST" duration-ms="57">
      <class name="NGPrac.NewTest">
        <test-method is-config="true" signature="beforeSuite()[pri:0, instance:NGPrac.NewTest@22a637e7]" started-at="2022-03-25T13:59:06 IST" name="beforeSuite" finished-at="2022-03-25T13:59:06 IST" duration-ms="9" status="PASS">
          <reporter-output>
          </reporter-output>
        </test-method> <!-- beforeSuite -->
        <test-method is-config="true" signature="beforeTest()[pri:0, instance:NGPrac.NewTest@22a637e7]" started-at="2022-03-25T13:59:06 IST" name="beforeTest" finished-at="2022-03-25T13:59:06 IST" duration-ms="0" status="PASS">
          <reporter-output>
          </reporter-output>
        </test-method> <!-- beforeTest -->
        <test-method is-config="true" signature="beforeClass()[pri:0, instance:NGPrac.NewTest@22a637e7]" started-at="2022-03-25T13:59:06 IST" name="beforeClass" finished-at="2022-03-25T13:59:06 IST" duration-ms="1" status="PASS">
          <reporter-output>
          </reporter-output>
        </test-method> <!-- beforeClass -->
        <test-method is-config="true" signature="beforeMethod()[pri:0, instance:NGPrac.NewTest@22a637e7]" started-at="2022-03-25T13:59:06 IST" name="beforeMethod" finished-at="2022-03-25T13:59:06 IST" duration-ms="0" status="PASS">
          <reporter-output>
          </reporter-output>
        </test-method> <!-- beforeMethod -->
        <test-method signature="test()[pri:0, instance:NGPrac.NewTest@22a637e7]" started-at="2022-03-25T13:59:06 IST" name="test" finished-at="2022-03-25T13:59:06 IST" duration-ms="7" status="PASS">
          <reporter-output>
          </reporter-output>
        </test-method> <!-- test -->
        <test-method is-config="true" signature="afterMethod()[pri:0, instance:NGPrac.NewTest@22a637e7]" started-at="2022-03-25T13:59:06 IST" name="afterMethod" finished-at="2022-03-25T13:59:06 IST" duration-ms="1" status="PASS">
          <reporter-output>
          </reporter-output>
        </test-method> <!-- afterMethod -->
        <test-method is-config="true" signature="afterClass()[pri:0, instance:NGPrac.NewTest@22a637e7]" started-at="2022-03-25T13:59:06 IST" name="afterClass" finished-at="2022-03-25T13:59:06 IST" duration-ms="1" status="PASS">
          <reporter-output>
          </reporter-output>
        </test-method> <!-- afterClass -->
        <test-method is-config="true" signature="afterTest()[pri:0, instance:NGPrac.NewTest@22a637e7]" started-at="2022-03-25T13:59:06 IST" name="afterTest" finished-at="2022-03-25T13:59:06 IST" duration-ms="1" status="PASS">
          <reporter-output>
          </reporter-output>
        </test-method> <!-- afterTest -->
        <test-method is-config="true" signature="afterSuite()[pri:0, instance:NGPrac.NewTest@22a637e7]" started-at="2022-03-25T13:59:06 IST" name="afterSuite" finished-at="2022-03-25T13:59:06 IST" duration-ms="0" status="PASS">
          <reporter-output>
          </reporter-output>
        </test-method> <!-- afterSuite -->
      </class> <!-- NGPrac.NewTest -->
    </test> <!-- Default test -->
  </suite> <!-- Default suite -->
</testng-results>
